[ 2018-02-28T16:29:27+08:00 ] ::1 /index.php/index.php/Home/Index/applyTpl.html.html
INFO: [ app_init ] --START--
INFO: Run Behavior\BuildLiteBehavior [ RunTime:0.000032s ]
INFO: [ app_init ] --END-- [ RunTime:0.000206s ]
ERR: 无法加载模块:Index.php

[ 2018-02-28T16:29:28+08:00 ] ::1 /index.php/index.php/Home/Index/applyTpl.html.html
INFO: [ app_init ] --START--
INFO: Run Behavior\BuildLiteBehavior [ RunTime:0.000031s ]
INFO: [ app_init ] --END-- [ RunTime:0.000200s ]
ERR: 无法加载模块:Index.php

[ 2018-02-28T16:29:46+08:00 ] ::1 /index.php/index.php/Home/Index/applyTpl.html.html
INFO: [ app_init ] --START--
INFO: Run Behavior\BuildLiteBehavior [ RunTime:0.000047s ]
INFO: [ app_init ] --END-- [ RunTime:0.000303s ]
ERR: 无法加载模块:Index.php

[ 2018-02-28T16:29:47+08:00 ] ::1 /index.php/index.php/Home/Index/applyTpl.html.html
INFO: [ app_init ] --START--
INFO: Run Behavior\BuildLiteBehavior [ RunTime:0.000030s ]
INFO: [ app_init ] --END-- [ RunTime:0.000201s ]
ERR: 无法加载模块:Index.php

[ 2018-02-28T16:29:49+08:00 ] ::1 /index.php/index.php/Home/Index/applyTpl.html.html
INFO: [ app_init ] --START--
INFO: Run Behavior\BuildLiteBehavior [ RunTime:0.000033s ]
INFO: [ app_init ] --END-- [ RunTime:0.000240s ]
ERR: 无法加载模块:Index.php

[ 2018-02-28T16:29:49+08:00 ] ::1 /index.php/index.php/Home/Index/applyTpl.html.html
INFO: [ app_init ] --START--
INFO: Run Behavior\BuildLiteBehavior [ RunTime:0.000043s ]
INFO: [ app_init ] --END-- [ RunTime:0.000307s ]
ERR: 无法加载模块:Index.php

[ 2018-02-28T16:29:50+08:00 ] ::1 /index.php/index.php/Home/Index/applyTpl.html.html
INFO: [ app_init ] --START--
INFO: Run Behavior\BuildLiteBehavior [ RunTime:0.000050s ]
INFO: [ app_init ] --END-- [ RunTime:0.000336s ]
ERR: 无法加载模块:Index.php

[ 2018-02-28T16:29:51+08:00 ] ::1 /index.php/index.php/Home/Index/applyTpl.html.html
INFO: [ app_init ] --START--
INFO: Run Behavior\BuildLiteBehavior [ RunTime:0.000032s ]
INFO: [ app_init ] --END-- [ RunTime:0.000207s ]
ERR: 无法加载模块:Index.php

[ 2018-02-28T16:29:56+08:00 ] ::1 /index.php/index.php/Home/Index/applyTpl.html.html
INFO: [ app_init ] --START--
INFO: Run Behavior\BuildLiteBehavior [ RunTime:0.000054s ]
INFO: [ app_init ] --END-- [ RunTime:0.000338s ]
ERR: 无法加载模块:Index.php

[ 2018-02-28T16:29:57+08:00 ] ::1 /index.php/index.php/Home/Index/applyTpl.html.html
INFO: [ app_init ] --START--
INFO: Run Behavior\BuildLiteBehavior [ RunTime:0.000032s ]
INFO: [ app_init ] --END-- [ RunTime:0.000207s ]
ERR: 无法加载模块:Index.php

[ 2018-02-28T16:30:16+08:00 ] ::1 /index.php/index.php/Home/Index/applyTpl.html.html
INFO: [ app_init ] --START--
INFO: Run Behavior\BuildLiteBehavior [ RunTime:0.000049s ]
INFO: [ app_init ] --END-- [ RunTime:0.000317s ]
ERR: 无法加载模块:Index.php

[ 2018-02-28T16:30:16+08:00 ] ::1 /index.php/index.php/Home/Index/applyTpl.html.html
INFO: [ app_init ] --START--
INFO: Run Behavior\BuildLiteBehavior [ RunTime:0.000030s ]
INFO: [ app_init ] --END-- [ RunTime:0.000201s ]
ERR: 无法加载模块:Index.php

[ 2018-02-28T16:30:16+08:00 ] ::1 /index.php/index.php/Home/Index/applyTpl.html.html
INFO: [ app_init ] --START--
INFO: Run Behavior\BuildLiteBehavior [ RunTime:0.000032s ]
INFO: [ app_init ] --END-- [ RunTime:0.000217s ]
ERR: 无法加载模块:Index.php

[ 2018-02-28T16:30:17+08:00 ] ::1 /index.php/index.php/Home/Index/applyTpl.html.html
INFO: [ app_init ] --START--
INFO: Run Behavior\BuildLiteBehavior [ RunTime:0.000031s ]
INFO: [ app_init ] --END-- [ RunTime:0.000215s ]
ERR: 无法加载模块:Index.php

[ 2018-02-28T16:30:18+08:00 ] ::1 /index.php/index.php/Home/Index/applyTpl.html.html
INFO: [ app_init ] --START--
INFO: Run Behavior\BuildLiteBehavior [ RunTime:0.000078s ]
INFO: [ app_init ] --END-- [ RunTime:0.000309s ]
ERR: 无法加载模块:Index.php

[ 2018-02-28T16:30:18+08:00 ] ::1 /index.php/index.php/Home/Index/applyTpl.html.html
INFO: [ app_init ] --START--
INFO: Run Behavior\BuildLiteBehavior [ RunTime:0.000031s ]
INFO: [ app_init ] --END-- [ RunTime:0.000208s ]
ERR: 无法加载模块:Index.php

[ 2018-02-28T16:30:19+08:00 ] ::1 /index.php/index.php/Home/Index/applyTpl.html.html
INFO: [ app_init ] --START--
INFO: Run Behavior\BuildLiteBehavior [ RunTime:0.000051s ]
INFO: [ app_init ] --END-- [ RunTime:0.000308s ]
ERR: 无法加载模块:Index.php

[ 2018-02-28T16:30:19+08:00 ] ::1 /index.php/index.php/Home/Index/applyTpl.html.html
INFO: [ app_init ] --START--
INFO: Run Behavior\BuildLiteBehavior [ RunTime:0.000032s ]
INFO: [ app_init ] --END-- [ RunTime:0.000206s ]
ERR: 无法加载模块:Index.php

[ 2018-02-28T16:30:23+08:00 ] ::1 /index.php/index.php/Home/I
INFO: [ app_init ] --START--
INFO: Run Behavior\BuildLiteBehavior [ RunTime:0.000034s ]
INFO: [ app_init ] --END-- [ RunTime:0.000264s ]
ERR: 无法加载模块:Index.php

[ 2018-02-28T16:30:49+08:00 ] ::1 /index.php/index.php/Home/Index/applyTpl.html.html
INFO: [ app_init ] --START--
INFO: Run Behavior\BuildLiteBehavior [ RunTime:0.000034s ]
INFO: [ app_init ] --END-- [ RunTime:0.000208s ]
ERR: 无法加载模块:Index.php

[ 2018-02-28T16:30:56+08:00 ] ::1 /index.php/index.php/Home/Index/applyTpl.html.html
INFO: [ app_init ] --START--
INFO: Run Behavior\BuildLiteBehavior [ RunTime:0.000033s ]
INFO: [ app_init ] --END-- [ RunTime:0.000228s ]
ERR: 无法加载模块:Index.php

